<?xml version="1.0" encoding="UTF-8"?>
<!-- Generated by org.testng.reporters.JUnitXMLReporter -->
<testsuite hostname="DESKTOP-GK61F68" ignored="0" name="Default test" tests="1" failures="1" timestamp="2021-07-16T17:21:14 IST" time="50.368" errors="0">
  <testcase name="runScenario" time="48.578" classname="io.cucumber.testng.AbstractTestNGCucumberTests">
    <failure type="java.lang.NullPointerException">
      <![CDATA[java.lang.NullPointerException
at stepDefinitions.SearchTest.close_the_browser(SearchTest.java:64)
at ✽.close the browser(file:///C:/Users/Nitheesha/Desktop/User1/E-CommerceBDD/./src/test/java/features/Login.feature:21)
]]>
    </failure>
  </testcase> <!-- runScenario -->
</testsuite> <!-- Default test -->
